mode: set
github.com/elangreza14/assetfindr-test/cmd/http/routes/post_routes.go:8.83,15.2 6 0
github.com/elangreza14/assetfindr-test/cmd/http/main.go:19.13,49.2 14 0
github.com/elangreza14/assetfindr-test/cmd/http/main.go:51.28,52.16 1 0
github.com/elangreza14/assetfindr-test/cmd/http/main.go:52.16,53.13 1 0
github.com/elangreza14/assetfindr-test/cmd/http/main.go:57.39,68.2 2 0
github.com/elangreza14/assetfindr-test/dto/base.go:24.47,26.52 1 0
github.com/elangreza14/assetfindr-test/dto/base.go:26.52,30.3 1 0
github.com/elangreza14/assetfindr-test/dto/base.go:32.2,32.31 1 0
github.com/elangreza14/assetfindr-test/dto/base.go:32.31,36.3 1 0
github.com/elangreza14/assetfindr-test/dto/base.go:38.2,38.16 1 0
github.com/elangreza14/assetfindr-test/dto/base.go:38.16,44.20 3 0
github.com/elangreza14/assetfindr-test/dto/base.go:44.20,48.4 3 0
github.com/elangreza14/assetfindr-test/dto/base.go:50.3,51.16 2 0
github.com/elangreza14/assetfindr-test/dto/base.go:54.2,57.3 1 0
github.com/elangreza14/assetfindr-test/dto/base.go:65.50,66.18 1 0
github.com/elangreza14/assetfindr-test/dto/base.go:67.18,68.34 1 0
github.com/elangreza14/assetfindr-test/dto/base.go:69.12,70.48 1 0
github.com/elangreza14/assetfindr-test/dto/base.go:72.2,72.24 1 0
github.com/elangreza14/assetfindr-test/dto/base.go:75.50,77.25 2 0
github.com/elangreza14/assetfindr-test/dto/base.go:77.25,79.25 2 0
github.com/elangreza14/assetfindr-test/dto/base.go:79.25,81.4 1 0
github.com/elangreza14/assetfindr-test/dto/base.go:82.3,82.13 1 0
github.com/elangreza14/assetfindr-test/dto/base.go:85.2,85.23 1 0
github.com/elangreza14/assetfindr-test/dto/error_not_found.go:10.39,12.2 1 0
github.com/elangreza14/assetfindr-test/mock/controller/mock_post_controller.go:32.69,36.2 3 0
github.com/elangreza14/assetfindr-test/mock/controller/mock_post_controller.go:39.67,41.2 1 0
github.com/elangreza14/assetfindr-test/mock/controller/mock_post_controller.go:44.101,49.2 4 0
github.com/elangreza14/assetfindr-test/mock/controller/mock_post_controller.go:52.79,55.2 2 0
github.com/elangreza14/assetfindr-test/mock/controller/mock_post_controller.go:58.74,63.2 4 0
github.com/elangreza14/assetfindr-test/mock/controller/mock_post_controller.go:66.78,69.2 2 0
github.com/elangreza14/assetfindr-test/mock/controller/mock_post_controller.go:72.96,78.2 5 0
github.com/elangreza14/assetfindr-test/mock/controller/mock_post_controller.go:81.76,84.2 2 0
github.com/elangreza14/assetfindr-test/mock/controller/mock_post_controller.go:87.89,93.2 5 0
github.com/elangreza14/assetfindr-test/mock/controller/mock_post_controller.go:96.72,99.2 2 0
github.com/elangreza14/assetfindr-test/mock/controller/mock_post_controller.go:102.109,107.2 4 0
github.com/elangreza14/assetfindr-test/mock/controller/mock_post_controller.go:110.83,113.2 2 0
github.com/elangreza14/assetfindr-test/repository/post_repository.go:16.53,18.2 1 0
github.com/elangreza14/assetfindr-test/repository/post_repository.go:20.79,23.16 3 0
github.com/elangreza14/assetfindr-test/repository/post_repository.go:23.16,25.3 1 0
github.com/elangreza14/assetfindr-test/repository/post_repository.go:27.2,27.17 1 0
github.com/elangreza14/assetfindr-test/repository/post_repository.go:30.81,32.16 2 0
github.com/elangreza14/assetfindr-test/repository/post_repository.go:32.16,34.3 1 0
github.com/elangreza14/assetfindr-test/repository/post_repository.go:36.2,36.12 1 0
github.com/elangreza14/assetfindr-test/repository/post_repository.go:39.85,42.16 3 0
github.com/elangreza14/assetfindr-test/repository/post_repository.go:42.16,44.3 1 0
github.com/elangreza14/assetfindr-test/repository/post_repository.go:46.2,46.18 1 0
github.com/elangreza14/assetfindr-test/repository/post_repository.go:49.105,50.68 1 0
github.com/elangreza14/assetfindr-test/repository/post_repository.go:50.68,52.17 2 0
github.com/elangreza14/assetfindr-test/repository/post_repository.go:52.17,54.4 1 0
github.com/elangreza14/assetfindr-test/repository/post_repository.go:56.3,57.17 2 0
github.com/elangreza14/assetfindr-test/repository/post_repository.go:57.17,59.4 1 0
github.com/elangreza14/assetfindr-test/repository/post_repository.go:61.3,61.13 1 0
github.com/elangreza14/assetfindr-test/repository/post_repository.go:64.2,64.16 1 0
github.com/elangreza14/assetfindr-test/repository/post_repository.go:64.16,66.3 1 0
github.com/elangreza14/assetfindr-test/repository/post_repository.go:68.2,68.12 1 0
github.com/elangreza14/assetfindr-test/repository/post_repository.go:71.81,73.16 2 0
github.com/elangreza14/assetfindr-test/repository/post_repository.go:73.16,75.3 1 0
github.com/elangreza14/assetfindr-test/repository/post_repository.go:77.2,77.12 1 0
github.com/elangreza14/assetfindr-test/model/post.go:12.48,14.16 2 0
github.com/elangreza14/assetfindr-test/model/post.go:14.16,16.3 1 0
github.com/elangreza14/assetfindr-test/model/post.go:18.2,18.12 1 0
github.com/elangreza14/assetfindr-test/model/post.go:21.46,22.29 1 0
github.com/elangreza14/assetfindr-test/model/post.go:22.29,25.17 3 0
github.com/elangreza14/assetfindr-test/model/post.go:25.17,27.4 1 0
github.com/elangreza14/assetfindr-test/model/post.go:29.3,29.22 1 0
github.com/elangreza14/assetfindr-test/model/post.go:32.2,32.12 1 0
github.com/elangreza14/assetfindr-test/mock/service/mock_post_service.go:32.75,36.2 3 0
github.com/elangreza14/assetfindr-test/mock/service/mock_post_service.go:39.73,41.2 1 0
github.com/elangreza14/assetfindr-test/mock/service/mock_post_service.go:44.85,49.2 4 0
github.com/elangreza14/assetfindr-test/mock/service/mock_post_service.go:52.82,55.2 2 0
github.com/elangreza14/assetfindr-test/mock/service/mock_post_service.go:58.85,63.2 4 0
github.com/elangreza14/assetfindr-test/mock/service/mock_post_service.go:66.82,69.2 2 0
github.com/elangreza14/assetfindr-test/mock/service/mock_post_service.go:72.89,78.2 5 0
github.com/elangreza14/assetfindr-test/mock/service/mock_post_service.go:81.78,84.2 2 0
github.com/elangreza14/assetfindr-test/mock/service/mock_post_service.go:87.83,93.2 5 0
github.com/elangreza14/assetfindr-test/mock/service/mock_post_service.go:96.75,99.2 2 0
github.com/elangreza14/assetfindr-test/mock/service/mock_post_service.go:102.109,105.36 3 0
github.com/elangreza14/assetfindr-test/mock/service/mock_post_service.go:105.36,107.3 1 0
github.com/elangreza14/assetfindr-test/mock/service/mock_post_service.go:108.2,110.13 3 0
github.com/elangreza14/assetfindr-test/mock/service/mock_post_service.go:114.106,118.2 3 0
github.com/elangreza14/assetfindr-test/cmd/http/routes/post_routes.go:8.83,15.2 6 1
github.com/elangreza14/assetfindr-test/controller/post_controller.go:28.66,32.2 1 1
github.com/elangreza14/assetfindr-test/controller/post_controller.go:34.54,35.30 1 1
github.com/elangreza14/assetfindr-test/controller/post_controller.go:35.30,37.17 2 1
github.com/elangreza14/assetfindr-test/controller/post_controller.go:37.17,40.4 2 1
github.com/elangreza14/assetfindr-test/controller/post_controller.go:42.3,42.57 1 1
github.com/elangreza14/assetfindr-test/controller/post_controller.go:46.56,47.30 1 1
github.com/elangreza14/assetfindr-test/controller/post_controller.go:47.30,50.17 3 1
github.com/elangreza14/assetfindr-test/controller/post_controller.go:50.17,53.4 2 1
github.com/elangreza14/assetfindr-test/controller/post_controller.go:55.3,56.17 2 1
github.com/elangreza14/assetfindr-test/controller/post_controller.go:56.17,59.4 2 1
github.com/elangreza14/assetfindr-test/controller/post_controller.go:61.3,61.66 1 1
github.com/elangreza14/assetfindr-test/controller/post_controller.go:65.56,66.30 1 1
github.com/elangreza14/assetfindr-test/controller/post_controller.go:66.30,69.17 3 1
github.com/elangreza14/assetfindr-test/controller/post_controller.go:69.17,72.4 2 1
github.com/elangreza14/assetfindr-test/controller/post_controller.go:74.3,76.17 3 1
github.com/elangreza14/assetfindr-test/controller/post_controller.go:76.17,79.4 2 1
github.com/elangreza14/assetfindr-test/controller/post_controller.go:81.3,82.17 2 1
github.com/elangreza14/assetfindr-test/controller/post_controller.go:82.17,84.36 2 1
github.com/elangreza14/assetfindr-test/controller/post_controller.go:84.36,87.5 2 1
github.com/elangreza14/assetfindr-test/controller/post_controller.go:88.4,89.10 2 1
github.com/elangreza14/assetfindr-test/controller/post_controller.go:92.3,92.61 1 1
github.com/elangreza14/assetfindr-test/controller/post_controller.go:96.56,97.30 1 1
github.com/elangreza14/assetfindr-test/controller/post_controller.go:97.30,100.17 3 1
github.com/elangreza14/assetfindr-test/controller/post_controller.go:100.17,103.4 2 1
github.com/elangreza14/assetfindr-test/controller/post_controller.go:105.3,106.17 2 1
github.com/elangreza14/assetfindr-test/controller/post_controller.go:106.17,108.36 2 1
github.com/elangreza14/assetfindr-test/controller/post_controller.go:108.36,111.5 2 1
github.com/elangreza14/assetfindr-test/controller/post_controller.go:112.4,113.10 2 1
github.com/elangreza14/assetfindr-test/controller/post_controller.go:116.3,116.61 1 1
github.com/elangreza14/assetfindr-test/controller/post_controller.go:120.53,121.30 1 1
github.com/elangreza14/assetfindr-test/controller/post_controller.go:121.30,124.17 3 1
github.com/elangreza14/assetfindr-test/controller/post_controller.go:124.17,127.4 2 1
github.com/elangreza14/assetfindr-test/controller/post_controller.go:129.3,130.17 2 1
github.com/elangreza14/assetfindr-test/controller/post_controller.go:130.17,132.36 2 1
github.com/elangreza14/assetfindr-test/controller/post_controller.go:132.36,135.5 2 1
github.com/elangreza14/assetfindr-test/controller/post_controller.go:136.4,137.10 2 1
github.com/elangreza14/assetfindr-test/controller/post_controller.go:140.3,140.56 1 1
github.com/elangreza14/assetfindr-test/dto/base.go:24.47,26.52 1 1
github.com/elangreza14/assetfindr-test/dto/base.go:26.52,30.3 1 1
github.com/elangreza14/assetfindr-test/dto/base.go:32.2,32.31 1 1
github.com/elangreza14/assetfindr-test/dto/base.go:32.31,36.3 1 0
github.com/elangreza14/assetfindr-test/dto/base.go:38.2,38.16 1 1
github.com/elangreza14/assetfindr-test/dto/base.go:38.16,44.20 3 1
github.com/elangreza14/assetfindr-test/dto/base.go:44.20,48.4 3 1
github.com/elangreza14/assetfindr-test/dto/base.go:50.3,51.16 2 1
github.com/elangreza14/assetfindr-test/dto/base.go:54.2,57.3 1 1
github.com/elangreza14/assetfindr-test/dto/base.go:65.50,66.18 1 1
github.com/elangreza14/assetfindr-test/dto/base.go:67.18,68.34 1 1
github.com/elangreza14/assetfindr-test/dto/base.go:69.12,70.48 1 1
github.com/elangreza14/assetfindr-test/dto/base.go:72.2,72.24 1 0
github.com/elangreza14/assetfindr-test/dto/base.go:75.50,77.25 2 1
github.com/elangreza14/assetfindr-test/dto/base.go:77.25,79.25 2 1
github.com/elangreza14/assetfindr-test/dto/base.go:79.25,81.4 1 1
github.com/elangreza14/assetfindr-test/dto/base.go:82.3,82.13 1 1
github.com/elangreza14/assetfindr-test/dto/base.go:85.2,85.23 1 1
github.com/elangreza14/assetfindr-test/dto/error_not_found.go:10.39,12.2 1 1
github.com/elangreza14/assetfindr-test/mock/controller/mock_post_controller.go:32.69,36.2 3 1
github.com/elangreza14/assetfindr-test/mock/controller/mock_post_controller.go:39.67,41.2 1 1
github.com/elangreza14/assetfindr-test/mock/controller/mock_post_controller.go:44.101,49.2 4 1
github.com/elangreza14/assetfindr-test/mock/controller/mock_post_controller.go:52.79,55.2 2 1
github.com/elangreza14/assetfindr-test/mock/controller/mock_post_controller.go:58.74,63.2 4 1
github.com/elangreza14/assetfindr-test/mock/controller/mock_post_controller.go:66.78,69.2 2 1
github.com/elangreza14/assetfindr-test/mock/controller/mock_post_controller.go:72.96,78.2 5 1
github.com/elangreza14/assetfindr-test/mock/controller/mock_post_controller.go:81.76,84.2 2 1
github.com/elangreza14/assetfindr-test/mock/controller/mock_post_controller.go:87.89,93.2 5 1
github.com/elangreza14/assetfindr-test/mock/controller/mock_post_controller.go:96.72,99.2 2 1
github.com/elangreza14/assetfindr-test/mock/controller/mock_post_controller.go:102.109,107.2 4 1
github.com/elangreza14/assetfindr-test/mock/controller/mock_post_controller.go:110.83,113.2 2 1
github.com/elangreza14/assetfindr-test/dto/base.go:24.47,26.52 1 0
github.com/elangreza14/assetfindr-test/dto/base.go:26.52,30.3 1 0
github.com/elangreza14/assetfindr-test/dto/base.go:32.2,32.31 1 0
github.com/elangreza14/assetfindr-test/dto/base.go:32.31,36.3 1 0
github.com/elangreza14/assetfindr-test/dto/base.go:38.2,38.16 1 0
github.com/elangreza14/assetfindr-test/dto/base.go:38.16,44.20 3 0
github.com/elangreza14/assetfindr-test/dto/base.go:44.20,48.4 3 0
github.com/elangreza14/assetfindr-test/dto/base.go:50.3,51.16 2 0
github.com/elangreza14/assetfindr-test/dto/base.go:54.2,57.3 1 0
github.com/elangreza14/assetfindr-test/dto/base.go:65.50,66.18 1 0
github.com/elangreza14/assetfindr-test/dto/base.go:67.18,68.34 1 0
github.com/elangreza14/assetfindr-test/dto/base.go:69.12,70.48 1 0
github.com/elangreza14/assetfindr-test/dto/base.go:72.2,72.24 1 0
github.com/elangreza14/assetfindr-test/dto/base.go:75.50,77.25 2 0
github.com/elangreza14/assetfindr-test/dto/base.go:77.25,79.25 2 0
github.com/elangreza14/assetfindr-test/dto/base.go:79.25,81.4 1 0
github.com/elangreza14/assetfindr-test/dto/base.go:82.3,82.13 1 0
github.com/elangreza14/assetfindr-test/dto/base.go:85.2,85.23 1 0
github.com/elangreza14/assetfindr-test/dto/error_not_found.go:10.39,12.2 1 0
github.com/elangreza14/assetfindr-test/mock/service/mock_post_service.go:32.75,36.2 3 1
github.com/elangreza14/assetfindr-test/mock/service/mock_post_service.go:39.73,41.2 1 1
github.com/elangreza14/assetfindr-test/mock/service/mock_post_service.go:44.85,49.2 4 1
github.com/elangreza14/assetfindr-test/mock/service/mock_post_service.go:52.82,55.2 2 1
github.com/elangreza14/assetfindr-test/mock/service/mock_post_service.go:58.85,63.2 4 0
github.com/elangreza14/assetfindr-test/mock/service/mock_post_service.go:66.82,69.2 2 0
github.com/elangreza14/assetfindr-test/mock/service/mock_post_service.go:72.89,78.2 5 0
github.com/elangreza14/assetfindr-test/mock/service/mock_post_service.go:81.78,84.2 2 0
github.com/elangreza14/assetfindr-test/mock/service/mock_post_service.go:87.83,93.2 5 0
github.com/elangreza14/assetfindr-test/mock/service/mock_post_service.go:96.75,99.2 2 0
github.com/elangreza14/assetfindr-test/mock/service/mock_post_service.go:102.109,105.36 3 0
github.com/elangreza14/assetfindr-test/mock/service/mock_post_service.go:105.36,107.3 1 0
github.com/elangreza14/assetfindr-test/mock/service/mock_post_service.go:108.2,110.13 3 0
github.com/elangreza14/assetfindr-test/mock/service/mock_post_service.go:114.106,118.2 3 0
github.com/elangreza14/assetfindr-test/model/post.go:12.48,14.16 2 0
github.com/elangreza14/assetfindr-test/model/post.go:14.16,16.3 1 0
github.com/elangreza14/assetfindr-test/model/post.go:18.2,18.12 1 0
github.com/elangreza14/assetfindr-test/model/post.go:21.46,22.29 1 0
github.com/elangreza14/assetfindr-test/model/post.go:22.29,25.17 3 0
github.com/elangreza14/assetfindr-test/model/post.go:25.17,27.4 1 0
github.com/elangreza14/assetfindr-test/model/post.go:29.3,29.22 1 0
github.com/elangreza14/assetfindr-test/model/post.go:32.2,32.12 1 0
github.com/elangreza14/assetfindr-test/service/post_service.go:28.66,32.2 1 1
github.com/elangreza14/assetfindr-test/service/post_service.go:34.85,36.16 2 0
github.com/elangreza14/assetfindr-test/service/post_service.go:36.16,38.3 1 0
github.com/elangreza14/assetfindr-test/service/post_service.go:40.2,41.29 2 0
github.com/elangreza14/assetfindr-test/service/post_service.go:41.29,43.33 2 0
github.com/elangreza14/assetfindr-test/service/post_service.go:43.33,45.4 1 0
github.com/elangreza14/assetfindr-test/service/post_service.go:47.3,52.4 1 0
github.com/elangreza14/assetfindr-test/service/post_service.go:55.2,55.17 1 0
github.com/elangreza14/assetfindr-test/service/post_service.go:58.97,60.31 2 1
github.com/elangreza14/assetfindr-test/service/post_service.go:60.31,64.3 1 1
github.com/elangreza14/assetfindr-test/service/post_service.go:66.2,71.16 2 1
github.com/elangreza14/assetfindr-test/service/post_service.go:71.16,73.3 1 1
github.com/elangreza14/assetfindr-test/service/post_service.go:75.2,75.12 1 1
github.com/elangreza14/assetfindr-test/service/post_service.go:78.91,80.16 2 0
github.com/elangreza14/assetfindr-test/service/post_service.go:80.16,81.45 1 0
github.com/elangreza14/assetfindr-test/service/post_service.go:81.45,86.4 1 0
github.com/elangreza14/assetfindr-test/service/post_service.go:87.3,87.18 1 0
github.com/elangreza14/assetfindr-test/service/post_service.go:90.2,91.32 2 0
github.com/elangreza14/assetfindr-test/service/post_service.go:91.32,93.3 1 0
github.com/elangreza14/assetfindr-test/service/post_service.go:95.2,100.8 1 0
github.com/elangreza14/assetfindr-test/service/post_service.go:103.105,105.16 2 0
github.com/elangreza14/assetfindr-test/service/post_service.go:105.16,106.45 1 0
github.com/elangreza14/assetfindr-test/service/post_service.go:106.45,111.4 1 0
github.com/elangreza14/assetfindr-test/service/post_service.go:112.3,112.13 1 0
github.com/elangreza14/assetfindr-test/service/post_service.go:115.2,116.31 2 0
github.com/elangreza14/assetfindr-test/service/post_service.go:116.31,120.3 1 0
github.com/elangreza14/assetfindr-test/service/post_service.go:122.2,123.32 2 0
github.com/elangreza14/assetfindr-test/service/post_service.go:123.32,125.3 1 0
github.com/elangreza14/assetfindr-test/service/post_service.go:127.2,127.34 1 0
github.com/elangreza14/assetfindr-test/service/post_service.go:127.34,128.37 1 0
github.com/elangreza14/assetfindr-test/service/post_service.go:128.37,129.12 1 0
github.com/elangreza14/assetfindr-test/service/post_service.go:132.3,132.27 1 0
github.com/elangreza14/assetfindr-test/service/post_service.go:135.2,136.31 2 0
github.com/elangreza14/assetfindr-test/service/post_service.go:136.31,138.3 1 0
github.com/elangreza14/assetfindr-test/service/post_service.go:140.2,146.16 2 0
github.com/elangreza14/assetfindr-test/service/post_service.go:146.16,147.45 1 0
github.com/elangreza14/assetfindr-test/service/post_service.go:147.45,149.4 1 0
github.com/elangreza14/assetfindr-test/service/post_service.go:150.3,150.13 1 0
github.com/elangreza14/assetfindr-test/service/post_service.go:153.2,153.12 1 0
github.com/elangreza14/assetfindr-test/service/post_service.go:156.70,158.16 2 0
github.com/elangreza14/assetfindr-test/service/post_service.go:158.16,159.45 1 0
github.com/elangreza14/assetfindr-test/service/post_service.go:159.45,164.4 1 0
github.com/elangreza14/assetfindr-test/service/post_service.go:165.3,165.13 1 0
github.com/elangreza14/assetfindr-test/service/post_service.go:167.2,168.16 2 0
github.com/elangreza14/assetfindr-test/service/post_service.go:168.16,170.3 1 0
github.com/elangreza14/assetfindr-test/service/post_service.go:172.2,172.12 1 0
